TN:
SF:src\app\components\OngoingDiscussions.tsx
FN:18,(anonymous_0)
FN:30,(anonymous_1)
FN:36,(anonymous_2)
FN:45,OngoingDiscussions
FN:53,(anonymous_4)
FN:61,(anonymous_5)
FN:70,(anonymous_6)
FN:74,(anonymous_7)
FN:86,(anonymous_8)
FN:99,(anonymous_9)
FN:132,(anonymous_10)
FN:139,(anonymous_11)
FN:158,(anonymous_12)
FN:167,(anonymous_13)
FN:176,(anonymous_14)
FN:177,(anonymous_15)
FN:185,(anonymous_16)
FN:192,(anonymous_17)
FN:196,(anonymous_18)
FN:200,(anonymous_19)
FN:203,(anonymous_20)
FN:249,(anonymous_21)
FN:298,(anonymous_22)
FN:301,(anonymous_23)
FN:304,(anonymous_24)
FN:320,(anonymous_25)
FN:363,(anonymous_26)
FN:386,(anonymous_27)
FN:393,(anonymous_28)
FN:409,(anonymous_29)
FN:420,(anonymous_30)
FNF:31
FNH:29
FNDA:8,(anonymous_0)
FNDA:1,(anonymous_1)
FNDA:2,(anonymous_2)
FNDA:23,OngoingDiscussions
FNDA:10,(anonymous_4)
FNDA:0,(anonymous_5)
FNDA:8,(anonymous_6)
FNDA:1,(anonymous_7)
FNDA:14,(anonymous_8)
FNDA:14,(anonymous_9)
FNDA:10,(anonymous_10)
FNDA:10,(anonymous_11)
FNDA:1,(anonymous_12)
FNDA:1,(anonymous_13)
FNDA:2,(anonymous_14)
FNDA:2,(anonymous_15)
FNDA:16,(anonymous_16)
FNDA:18,(anonymous_17)
FNDA:16,(anonymous_18)
FNDA:16,(anonymous_19)
FNDA:16,(anonymous_20)
FNDA:0,(anonymous_21)
FNDA:1,(anonymous_22)
FNDA:1,(anonymous_23)
FNDA:1,(anonymous_24)
FNDA:14,(anonymous_25)
FNDA:28,(anonymous_26)
FNDA:1,(anonymous_27)
FNDA:1,(anonymous_28)
FNDA:1,(anonymous_29)
FNDA:2,(anonymous_30)
DA:15,1
DA:16,1
DA:18,1
DA:19,8
DA:20,8
DA:21,8
DA:22,7
DA:25,1
DA:26,1
DA:27,0
DA:30,1
DA:32,0
DA:36,1
DA:37,2
DA:46,23
DA:47,23
DA:48,23
DA:49,23
DA:50,23
DA:51,23
DA:53,23
DA:54,10
DA:56,10
DA:57,10
DA:58,10
DA:59,10
DA:61,0
DA:64,10
DA:66,0
DA:70,23
DA:71,8
DA:74,23
DA:75,1
DA:76,0
DA:79,1
DA:80,0
DA:83,1
DA:86,23
DA:87,14
DA:88,14
DA:89,14
DA:90,14
DA:91,14
DA:93,14
DA:94,12
DA:95,0
DA:96,0
DA:99,23
DA:100,14
DA:102,6
DA:109,0
DA:116,5
DA:123,3
DA:132,23
DA:133,10
DA:139,23
DA:140,10
DA:141,10
DA:143,10
DA:144,0
DA:147,10
DA:148,10
DA:149,10
DA:151,10
DA:152,10
DA:155,0
DA:158,23
DA:159,1
DA:160,1
DA:161,1
DA:163,0
DA:167,23
DA:168,1
DA:169,1
DA:170,1
DA:172,0
DA:176,23
DA:177,2
DA:178,2
DA:179,2
DA:180,2
DA:181,2
DA:185,23
DA:186,16
DA:187,2
DA:188,1
DA:191,23
DA:192,18
DA:195,23
DA:196,16
DA:199,23
DA:200,16
DA:203,23
DA:204,16
DA:205,12
DA:208,4
DA:209,2
DA:212,2
DA:216,23
DA:217,8
DA:235,15
DA:236,0
DA:250,0
DA:262,15
DA:263,1
DA:281,14
DA:298,1
DA:301,1
DA:304,1
DA:321,14
DA:322,14
DA:324,14
DA:364,28
DA:386,1
DA:394,1
DA:410,1
DA:420,2
LF:117
LH:102
BRDA:21,0,0,7
BRDA:21,0,1,1
BRDA:26,1,0,0
BRDA:26,1,1,1
BRDA:61,2,0,0
BRDA:61,2,1,0
BRDA:64,3,0,1
BRDA:64,3,1,9
BRDA:75,4,0,0
BRDA:75,4,1,1
BRDA:79,5,0,0
BRDA:79,5,1,1
BRDA:93,6,0,2
BRDA:93,6,1,12
BRDA:94,7,0,12
BRDA:94,7,1,0
BRDA:95,8,0,0
BRDA:95,8,1,0
BRDA:100,9,0,6
BRDA:100,9,1,0
BRDA:100,9,2,5
BRDA:100,9,3,3
BRDA:143,10,0,0
BRDA:143,10,1,10
BRDA:151,11,0,10
BRDA:151,11,1,0
BRDA:186,12,0,14
BRDA:186,12,1,2
BRDA:187,13,0,1
BRDA:187,13,1,1
BRDA:196,14,0,16
BRDA:196,14,1,9
BRDA:200,15,0,16
BRDA:200,15,1,10
BRDA:204,16,0,12
BRDA:204,16,1,4
BRDA:208,17,0,2
BRDA:208,17,1,2
BRDA:209,18,0,2
BRDA:209,18,1,1
BRDA:212,19,0,2
BRDA:212,19,1,1
BRDA:216,20,0,8
BRDA:216,20,1,15
BRDA:235,21,0,0
BRDA:235,21,1,15
BRDA:262,22,0,1
BRDA:262,22,1,14
BRDA:290,23,0,14
BRDA:290,23,1,12
BRDA:291,24,0,14
BRDA:291,24,1,1
BRDA:292,25,0,14
BRDA:292,25,1,1
BRDA:313,26,0,2
BRDA:313,26,1,12
BRDA:372,27,0,14
BRDA:372,27,1,0
BRDA:380,28,0,14
BRDA:380,28,1,0
BRDA:391,29,0,14
BRDA:391,29,1,8
BRDA:391,29,2,6
BRDA:401,30,0,14
BRDA:401,30,1,5
BRDA:403,31,0,5
BRDA:403,31,1,5
BRDA:418,32,0,14
BRDA:418,32,1,3
BRF:69
BRH:55
end_of_record
TN:
SF:src\app\services\api.ts
FN:17,(anonymous_0)
FN:26,(anonymous_1)
FN:35,(anonymous_2)
FN:40,(anonymous_3)
FN:47,(anonymous_4)
FN:54,(anonymous_5)
FN:61,(anonymous_6)
FN:63,(anonymous_7)
FN:65,(anonymous_8)
FN:67,(anonymous_9)
FN:81,(anonymous_10)
FN:95,(anonymous_11)
FN:102,(anonymous_12)
FN:121,(anonymous_13)
FN:133,(anonymous_14)
FN:145,(anonymous_15)
FN:156,(anonymous_16)
FN:170,(anonymous_17)
FN:178,(anonymous_18)
FNF:19
FNH:19
FNDA:18,(anonymous_0)
FNDA:8,(anonymous_1)
FNDA:2,(anonymous_2)
FNDA:2,(anonymous_3)
FNDA:1,(anonymous_4)
FNDA:11,(anonymous_5)
FNDA:2,(anonymous_6)
FNDA:1,(anonymous_7)
FNDA:1,(anonymous_8)
FNDA:1,(anonymous_9)
FNDA:1,(anonymous_10)
FNDA:1,(anonymous_11)
FNDA:1,(anonymous_12)
FNDA:1,(anonymous_13)
FNDA:11,(anonymous_14)
FNDA:1,(anonymous_15)
FNDA:3,(anonymous_16)
FNDA:1,(anonymous_17)
FNDA:1,(anonymous_18)
DA:13,2
DA:17,2
DA:18,18
DA:19,18
DA:20,1
DA:23,17
DA:26,2
DA:27,8
DA:28,8
DA:29,0
DA:32,8
DA:35,2
DA:40,2
DA:42,2
DA:47,2
DA:49,1
DA:54,2
DA:56,11
DA:61,2
DA:63,2
DA:65,2
DA:67,2
DA:71,1
DA:81,2
DA:85,1
DA:95,2
DA:96,1
DA:99,1
DA:102,2
DA:106,1
DA:118,1
DA:121,2
DA:122,1
DA:126,1
DA:130,1
DA:133,2
DA:134,11
DA:138,11
DA:142,11
DA:145,2
DA:146,1
DA:156,2
DA:160,3
DA:170,2
DA:171,1
DA:175,1
DA:178,2
DA:182,1
DA:193,1
LF:49
LH:48
BRDA:13,0,0,2
BRDA:13,0,1,2
BRDA:19,1,0,1
BRDA:19,1,1,17
BRDA:28,2,0,0
BRDA:28,2,1,8
BRDA:122,3,0,1
BRDA:122,3,1,0
BRDA:122,4,0,1
BRDA:122,4,1,1
BRDA:134,5,0,1
BRDA:134,5,1,10
BRDA:134,6,0,11
BRDA:134,6,1,1
BRF:14
BRH:12
end_of_record
