TN:
SF:src\controllers\apiController.ts
FN:19,(anonymous_0)
FN:20,(anonymous_1)
FN:28,(anonymous_2)
FN:32,(anonymous_3)
FN:36,(anonymous_4)
FN:40,(anonymous_5)
FN:44,(anonymous_6)
FN:56,(anonymous_7)
FN:68,(anonymous_8)
FN:73,(anonymous_9)
FN:88,(anonymous_10)
FN:98,(anonymous_11)
FN:105,(anonymous_12)
FN:115,(anonymous_13)
FN:120,(anonymous_14)
FN:137,(anonymous_15)
FN:153,(anonymous_16)
FNF:17
FNH:17
FNDA:28,(anonymous_0)
FNDA:1,(anonymous_1)
FNDA:2,(anonymous_2)
FNDA:3,(anonymous_3)
FNDA:2,(anonymous_4)
FNDA:2,(anonymous_5)
FNDA:5,(anonymous_6)
FNDA:2,(anonymous_7)
FNDA:2,(anonymous_8)
FNDA:11,(anonymous_9)
FNDA:7,(anonymous_10)
FNDA:6,(anonymous_11)
FNDA:8,(anonymous_12)
FNDA:5,(anonymous_13)
FNDA:7,(anonymous_14)
FNDA:4,(anonymous_15)
FNDA:2,(anonymous_16)
DA:2,3
DA:3,3
DA:19,3
DA:20,28
DA:21,1
DA:28,28
DA:29,2
DA:32,28
DA:33,3
DA:36,28
DA:37,2
DA:40,28
DA:41,2
DA:44,28
DA:45,5
DA:46,5
DA:48,5
DA:49,5
DA:50,2
DA:53,3
DA:56,28
DA:57,2
DA:58,2
DA:60,2
DA:61,2
DA:62,1
DA:65,1
DA:68,28
DA:69,2
DA:70,2
DA:73,28
DA:74,11
DA:75,11
DA:77,11
DA:85,11
DA:88,28
DA:89,7
DA:90,7
DA:91,7
DA:95,7
DA:98,28
DA:99,6
DA:100,6
DA:104,6
DA:106,8
DA:107,8
DA:110,6
DA:112,6
DA:115,28
DA:116,5
DA:117,4
DA:120,28
DA:121,7
DA:122,7
DA:124,7
DA:125,7
DA:126,2
DA:129,5
DA:130,5
DA:131,2
DA:134,3
DA:137,28
DA:138,4
DA:139,4
DA:141,4
DA:142,4
DA:143,1
DA:146,3
DA:153,28
DA:154,2
DA:155,2
DA:157,2
DA:158,2
DA:161,28
LF:74
LH:74
BRDA:49,0,0,2
BRDA:49,0,1,3
BRDA:61,1,0,1
BRDA:61,1,1,1
BRDA:100,2,0,5
BRDA:100,2,1,1
BRDA:100,3,0,6
BRDA:100,3,1,5
BRDA:125,4,0,2
BRDA:125,4,1,5
BRDA:130,5,0,2
BRDA:130,5,1,3
BRDA:139,6,0,4
BRDA:139,6,1,2
BRDA:142,7,0,1
BRDA:142,7,1,3
BRF:16
BRH:16
end_of_record
TN:
SF:src\services\questionStatusService.ts
FN:12,(anonymous_0)
FN:19,(anonymous_1)
FN:41,(anonymous_2)
FN:46,(anonymous_3)
FN:49,(anonymous_4)
FN:71,(anonymous_5)
FN:73,(anonymous_6)
FN:85,(anonymous_7)
FN:105,(anonymous_8)
FN:108,(anonymous_9)
FN:109,(anonymous_10)
FN:110,(anonymous_11)
FNF:12
FNH:12
FNDA:22,(anonymous_0)
FNDA:12,(anonymous_1)
FNDA:8,(anonymous_2)
FNDA:24,(anonymous_3)
FNDA:4,(anonymous_4)
FNDA:10,(anonymous_5)
FNDA:703,(anonymous_6)
FNDA:116,(anonymous_7)
FNDA:154,(anonymous_8)
FNDA:135,(anonymous_9)
FNDA:80,(anonymous_10)
FNDA:79,(anonymous_11)
DA:8,3
DA:9,3
DA:11,3
DA:13,22
DA:14,22
DA:15,22
DA:16,22
DA:20,12
DA:30,12
DA:32,12
DA:33,5
DA:34,5
DA:37,7
DA:38,7
DA:42,8
DA:46,24
DA:53,4
DA:54,4
DA:55,2
DA:58,2
DA:66,2
DA:67,2
DA:68,2
DA:72,10
DA:73,703
DA:76,10
DA:77,254
DA:78,109
DA:80,145
DA:86,116
DA:87,116
DA:88,1
DA:91,115
DA:102,115
DA:106,154
DA:108,135
DA:109,80
DA:110,79
DA:112,154
DA:113,78
DA:121,78
DA:122,78
LF:42
LH:42
BRDA:25,0,0,12
BRDA:25,0,1,12
BRDA:32,1,0,5
BRDA:32,1,1,7
BRDA:42,2,0,7
BRDA:42,2,1,1
BRDA:42,3,0,8
BRDA:42,3,1,7
BRDA:54,4,0,2
BRDA:54,4,1,2
BRDA:54,5,0,4
BRDA:54,5,1,3
BRDA:77,6,0,109
BRDA:77,6,1,145
BRDA:87,7,0,1
BRDA:87,7,1,115
BRF:16
BRH:16
end_of_record
